This is pdfTeX, Version 3.14159265-2.6-1.40.15 (TeX Live 2015/dev/Debian) (preloaded format=pdflatex 2015.6.11)  7 APR 2016 16:22
entering extended mode
 restricted \write18 enabled.
 %&-line parsing enabled.
**slides.tex
(./slides.tex
LaTeX2e <2014/05/01>
Babel <3.9l> and hyphenation patterns for 79 languages loaded.
(/usr/share/texlive/texmf-dist/tex/latex/beamer/beamer.cls
(/usr/share/texlive/texmf-dist/tex/latex/beamer/beamerbasercs.sty
Package: beamerbasercs 2013/12/25 (rcs-revision 31cc758a62ae)
)
Document Class: beamer 2013/12/02 3.33 A class for typesetting presentations (r
cs-revision 332bfd3ce558)
(/usr/share/texlive/texmf-dist/tex/latex/beamer/beamerbasemodes.sty
Package: beamerbasemodes 2013/09/03 (rcs-revision 768f2d98ca64)
\beamer@tempbox=\box26
\beamer@tempcount=\count79
\c@beamerpauses=\count80

(/usr/share/texlive/texmf-dist/tex/latex/beamer/beamerbasedecode.sty
Package: beamerbasedecode 2010/05/01 (rcs-revision efa082c6111d)
\beamer@slideinframe=\count81
\beamer@minimum=\count82
)
\beamer@commentbox=\box27
\beamer@modecount=\count83
)
(/usr/share/texlive/texmf-dist/tex/generic/oberdiek/ifpdf.sty
Package: ifpdf 2011/01/30 v2.3 Provides the ifpdf switch (HO)
Package ifpdf Info: pdfTeX in PDF mode is detected.
)
\headheight=\dimen102
\headdp=\dimen103
\footheight=\dimen104
\sidebarheight=\dimen105
\beamer@tempdim=\dimen106
\beamer@finalheight=\dimen107
\beamer@animht=\dimen108
\beamer@animdp=\dimen109
\beamer@animwd=\dimen110
\beamer@leftmargin=\dimen111
\beamer@rightmargin=\dimen112
\beamer@leftsidebar=\dimen113
\beamer@rightsidebar=\dimen114
\beamer@boxsize=\dimen115
\beamer@vboxoffset=\dimen116
\beamer@descdefault=\dimen117
\beamer@descriptionwidth=\dimen118
\beamer@lastskip=\skip41
\beamer@areabox=\box28
\beamer@animcurrent=\box29
\beamer@animshowbox=\box30
\beamer@sectionbox=\box31
\beamer@logobox=\box32
\beamer@linebox=\box33
\beamer@sectioncount=\count84
\beamer@subsubsectionmax=\count85
\beamer@subsectionmax=\count86
\beamer@sectionmax=\count87
\beamer@totalheads=\count88
\beamer@headcounter=\count89
\beamer@partstartpage=\count90
\beamer@sectionstartpage=\count91
\beamer@subsectionstartpage=\count92
\beamer@animationtempa=\count93
\beamer@animationtempb=\count94
\beamer@xpos=\count95
\beamer@ypos=\count96
\beamer@showpartnumber=\count97
\beamer@currentsubsection=\count98
\beamer@coveringdepth=\count99
\beamer@sectionadjust=\count100
\beamer@tocsectionnumber=\count101

(/usr/share/texlive/texmf-dist/tex/latex/beamer/beamerbaseoptions.sty
Package: beamerbaseoptions 2013/03/10 (rcs-revision 47431932db0d)

(/usr/share/texlive/texmf-dist/tex/latex/graphics/keyval.sty
Package: keyval 2014/05/08 v1.15 key=value parser (DPC)
\KV@toks@=\toks14
))
\beamer@paperwidth=\skip42
\beamer@paperheight=\skip43

(/usr/share/texlive/texmf-dist/tex/latex/geometry/geometry.sty
Package: geometry 2010/09/12 v5.6 Page Geometry

(/usr/share/texlive/texmf-dist/tex/generic/oberdiek/ifvtex.sty
Package: ifvtex 2010/03/01 v1.5 Detect VTeX and its facilities (HO)
Package ifvtex Info: VTeX not detected.
)
(/usr/share/texlive/texmf-dist/tex/generic/ifxetex/ifxetex.sty
Package: ifxetex 2010/09/12 v0.6 Provides ifxetex conditional
)
\Gm@cnth=\count102
\Gm@cntv=\count103
\c@Gm@tempcnt=\count104
\Gm@bindingoffset=\dimen119
\Gm@wd@mp=\dimen120
\Gm@odd@mp=\dimen121
\Gm@even@mp=\dimen122
\Gm@layoutwidth=\dimen123
\Gm@layoutheight=\dimen124
\Gm@layouthoffset=\dimen125
\Gm@layoutvoffset=\dimen126
\Gm@dimlist=\toks15
)
(/usr/share/texlive/texmf-dist/tex/latex/base/size11.clo
File: size11.clo 2014/09/29 v1.4h Standard LaTeX file (size option)
)
(/usr/share/texlive/texmf-dist/tex/latex/pgf/basiclayer/pgfcore.sty
(/usr/share/texlive/texmf-dist/tex/latex/graphics/graphicx.sty
Package: graphicx 2014/04/25 v1.0g Enhanced LaTeX Graphics (DPC,SPQR)

(/usr/share/texlive/texmf-dist/tex/latex/graphics/graphics.sty
Package: graphics 2009/02/05 v1.0o Standard LaTeX Graphics (DPC,SPQR)

(/usr/share/texlive/texmf-dist/tex/latex/graphics/trig.sty
Package: trig 1999/03/16 v1.09 sin cos tan (DPC)
)
(/usr/share/texlive/texmf-dist/tex/latex/latexconfig/graphics.cfg
File: graphics.cfg 2010/04/23 v1.9 graphics configuration of TeX Live
)
Package graphics Info: Driver file: pdftex.def on input line 91.

(/usr/share/texlive/texmf-dist/tex/latex/pdftex-def/pdftex.def
File: pdftex.def 2011/05/27 v0.06d Graphics/color for pdfTeX

(/usr/share/texlive/texmf-dist/tex/generic/oberdiek/infwarerr.sty
Package: infwarerr 2010/04/08 v1.3 Providing info/warning/error messages (HO)
)
(/usr/share/texlive/texmf-dist/tex/generic/oberdiek/ltxcmds.sty
Package: ltxcmds 2011/11/09 v1.22 LaTeX kernel commands for general use (HO)
)
\Gread@gobject=\count105
))
\Gin@req@height=\dimen127
\Gin@req@width=\dimen128
)
(/usr/share/texlive/texmf-dist/tex/latex/pgf/systemlayer/pgfsys.sty
(/usr/share/texlive/texmf-dist/tex/latex/pgf/utilities/pgfrcs.sty
(/usr/share/texlive/texmf-dist/tex/generic/pgf/utilities/pgfutil-common.tex
\pgfutil@everybye=\toks16
\pgfutil@tempdima=\dimen129
\pgfutil@tempdimb=\dimen130

(/usr/share/texlive/texmf-dist/tex/generic/pgf/utilities/pgfutil-common-lists.t
ex)) (/usr/share/texlive/texmf-dist/tex/generic/pgf/utilities/pgfutil-latex.def
\pgfutil@abb=\box34
(/usr/share/texlive/texmf-dist/tex/latex/ms/everyshi.sty
Package: everyshi 2001/05/15 v3.00 EveryShipout Package (MS)
))
(/usr/share/texlive/texmf-dist/tex/generic/pgf/utilities/pgfrcs.code.tex
Package: pgfrcs 2013/12/20 v3.0.0 (rcs-revision 1.28)
))
(/usr/share/texlive/texmf-dist/tex/generic/pgf/systemlayer/pgfsys.code.tex
Package: pgfsys 2013/11/30 v3.0.0 (rcs-revision 1.47)

(/usr/share/texlive/texmf-dist/tex/generic/pgf/utilities/pgfkeys.code.tex
\pgfkeys@pathtoks=\toks17
\pgfkeys@temptoks=\toks18

(/usr/share/texlive/texmf-dist/tex/generic/pgf/utilities/pgfkeysfiltered.code.t
ex
\pgfkeys@tmptoks=\toks19
))
\pgf@x=\dimen131
\pgf@y=\dimen132
\pgf@xa=\dimen133
\pgf@ya=\dimen134
\pgf@xb=\dimen135
\pgf@yb=\dimen136
\pgf@xc=\dimen137
\pgf@yc=\dimen138
\w@pgf@writea=\write3
\r@pgf@reada=\read1
\c@pgf@counta=\count106
\c@pgf@countb=\count107
\c@pgf@countc=\count108
\c@pgf@countd=\count109
\t@pgf@toka=\toks20
\t@pgf@tokb=\toks21
\t@pgf@tokc=\toks22
 (/usr/share/texlive/texmf-dist/tex/generic/pgf/systemlayer/pgf.cfg
File: pgf.cfg 2008/05/14  (rcs-revision 1.7)
)
Driver file for pgf: pgfsys-pdftex.def

(/usr/share/texlive/texmf-dist/tex/generic/pgf/systemlayer/pgfsys-pdftex.def
File: pgfsys-pdftex.def 2013/07/18  (rcs-revision 1.33)

(/usr/share/texlive/texmf-dist/tex/generic/pgf/systemlayer/pgfsys-common-pdf.de
f
File: pgfsys-common-pdf.def 2013/10/10  (rcs-revision 1.13)
)))
(/usr/share/texlive/texmf-dist/tex/generic/pgf/systemlayer/pgfsyssoftpath.code.
tex
File: pgfsyssoftpath.code.tex 2013/09/09  (rcs-revision 1.9)
\pgfsyssoftpath@smallbuffer@items=\count110
\pgfsyssoftpath@bigbuffer@items=\count111
)
(/usr/share/texlive/texmf-dist/tex/generic/pgf/systemlayer/pgfsysprotocol.code.
tex
File: pgfsysprotocol.code.tex 2006/10/16  (rcs-revision 1.4)
)) (/usr/share/texlive/texmf-dist/tex/latex/xcolor/xcolor.sty
Package: xcolor 2007/01/21 v2.11 LaTeX color extensions (UK)

(/usr/share/texlive/texmf-dist/tex/latex/latexconfig/color.cfg
File: color.cfg 2007/01/18 v1.5 color configuration of teTeX/TeXLive
)
Package xcolor Info: Driver file: pdftex.def on input line 225.
Package xcolor Info: Model `cmy' substituted by `cmy0' on input line 1337.
Package xcolor Info: Model `hsb' substituted by `rgb' on input line 1341.
Package xcolor Info: Model `RGB' extended on input line 1353.
Package xcolor Info: Model `HTML' substituted by `rgb' on input line 1355.
Package xcolor Info: Model `Hsb' substituted by `hsb' on input line 1356.
Package xcolor Info: Model `tHsb' substituted by `hsb' on input line 1357.
Package xcolor Info: Model `HSB' substituted by `hsb' on input line 1358.
Package xcolor Info: Model `Gray' substituted by `gray' on input line 1359.
Package xcolor Info: Model `wave' substituted by `hsb' on input line 1360.
)
(/usr/share/texlive/texmf-dist/tex/generic/pgf/basiclayer/pgfcore.code.tex
Package: pgfcore 2010/04/11 v3.0.0 (rcs-revision 1.7)

(/usr/share/texlive/texmf-dist/tex/generic/pgf/math/pgfmath.code.tex
(/usr/share/texlive/texmf-dist/tex/generic/pgf/math/pgfmathcalc.code.tex
(/usr/share/texlive/texmf-dist/tex/generic/pgf/math/pgfmathutil.code.tex)
(/usr/share/texlive/texmf-dist/tex/generic/pgf/math/pgfmathparser.code.tex
\pgfmath@dimen=\dimen139
\pgfmath@count=\count112
\pgfmath@box=\box35
\pgfmath@toks=\toks23
\pgfmath@stack@operand=\toks24
\pgfmath@stack@operation=\toks25
)
(/usr/share/texlive/texmf-dist/tex/generic/pgf/math/pgfmathfunctions.code.tex
(/usr/share/texlive/texmf-dist/tex/generic/pgf/math/pgfmathfunctions.basic.code
.tex)
(/usr/share/texlive/texmf-dist/tex/generic/pgf/math/pgfmathfunctions.trigonomet
ric.code.tex)
(/usr/share/texlive/texmf-dist/tex/generic/pgf/math/pgfmathfunctions.random.cod
e.tex)
(/usr/share/texlive/texmf-dist/tex/generic/pgf/math/pgfmathfunctions.comparison
.code.tex)
(/usr/share/texlive/texmf-dist/tex/generic/pgf/math/pgfmathfunctions.base.code.
tex)
(/usr/share/texlive/texmf-dist/tex/generic/pgf/math/pgfmathfunctions.round.code
.tex)
(/usr/share/texlive/texmf-dist/tex/generic/pgf/math/pgfmathfunctions.misc.code.
tex)
(/usr/share/texlive/texmf-dist/tex/generic/pgf/math/pgfmathfunctions.integerari
thmetics.code.tex)))
(/usr/share/texlive/texmf-dist/tex/generic/pgf/math/pgfmathfloat.code.tex
\c@pgfmathroundto@lastzeros=\count113
))
(/usr/share/texlive/texmf-dist/tex/generic/pgf/basiclayer/pgfcorepoints.code.te
x
File: pgfcorepoints.code.tex 2013/10/07  (rcs-revision 1.27)
\pgf@picminx=\dimen140
\pgf@picmaxx=\dimen141
\pgf@picminy=\dimen142
\pgf@picmaxy=\dimen143
\pgf@pathminx=\dimen144
\pgf@pathmaxx=\dimen145
\pgf@pathminy=\dimen146
\pgf@pathmaxy=\dimen147
\pgf@xx=\dimen148
\pgf@xy=\dimen149
\pgf@yx=\dimen150
\pgf@yy=\dimen151
\pgf@zx=\dimen152
\pgf@zy=\dimen153
)
(/usr/share/texlive/texmf-dist/tex/generic/pgf/basiclayer/pgfcorepathconstruct.
code.tex
File: pgfcorepathconstruct.code.tex 2013/10/07  (rcs-revision 1.29)
\pgf@path@lastx=\dimen154
\pgf@path@lasty=\dimen155
)
(/usr/share/texlive/texmf-dist/tex/generic/pgf/basiclayer/pgfcorepathusage.code
.tex
File: pgfcorepathusage.code.tex 2013/12/13  (rcs-revision 1.23)
\pgf@shorten@end@additional=\dimen156
\pgf@shorten@start@additional=\dimen157
)
(/usr/share/texlive/texmf-dist/tex/generic/pgf/basiclayer/pgfcorescopes.code.te
x
File: pgfcorescopes.code.tex 2013/10/09  (rcs-revision 1.44)
\pgfpic=\box36
\pgf@hbox=\box37
\pgf@layerbox@main=\box38
\pgf@picture@serial@count=\count114
)
(/usr/share/texlive/texmf-dist/tex/generic/pgf/basiclayer/pgfcoregraphicstate.c
ode.tex
File: pgfcoregraphicstate.code.tex 2013/09/19  (rcs-revision 1.11)
\pgflinewidth=\dimen158
)
(/usr/share/texlive/texmf-dist/tex/generic/pgf/basiclayer/pgfcoretransformation
s.code.tex
File: pgfcoretransformations.code.tex 2013/10/10  (rcs-revision 1.17)
\pgf@pt@x=\dimen159
\pgf@pt@y=\dimen160
\pgf@pt@temp=\dimen161
)
(/usr/share/texlive/texmf-dist/tex/generic/pgf/basiclayer/pgfcorequick.code.tex
File: pgfcorequick.code.tex 2008/10/09  (rcs-revision 1.3)
)
(/usr/share/texlive/texmf-dist/tex/generic/pgf/basiclayer/pgfcoreobjects.code.t
ex
File: pgfcoreobjects.code.tex 2006/10/11  (rcs-revision 1.2)
)
(/usr/share/texlive/texmf-dist/tex/generic/pgf/basiclayer/pgfcorepathprocessing
.code.tex
File: pgfcorepathprocessing.code.tex 2013/09/09  (rcs-revision 1.9)
)
(/usr/share/texlive/texmf-dist/tex/generic/pgf/basiclayer/pgfcorearrows.code.te
x
File: pgfcorearrows.code.tex 2013/11/07  (rcs-revision 1.40)
\pgfarrowsep=\dimen162
)
(/usr/share/texlive/texmf-dist/tex/generic/pgf/basiclayer/pgfcoreshade.code.tex
File: pgfcoreshade.code.tex 2013/07/15  (rcs-revision 1.15)
\pgf@max=\dimen163
\pgf@sys@shading@range@num=\count115
)
(/usr/share/texlive/texmf-dist/tex/generic/pgf/basiclayer/pgfcoreimage.code.tex
File: pgfcoreimage.code.tex 2013/07/15  (rcs-revision 1.18)

(/usr/share/texlive/texmf-dist/tex/generic/pgf/basiclayer/pgfcoreexternal.code.
tex
File: pgfcoreexternal.code.tex 2013/07/15  (rcs-revision 1.20)
\pgfexternal@startupbox=\box39
))
(/usr/share/texlive/texmf-dist/tex/generic/pgf/basiclayer/pgfcorelayers.code.te
x
File: pgfcorelayers.code.tex 2013/07/18  (rcs-revision 1.7)
)
(/usr/share/texlive/texmf-dist/tex/generic/pgf/basiclayer/pgfcoretransparency.c
ode.tex
File: pgfcoretransparency.code.tex 2013/09/30  (rcs-revision 1.5)
)
(/usr/share/texlive/texmf-dist/tex/generic/pgf/basiclayer/pgfcorepatterns.code.
tex
File: pgfcorepatterns.code.tex 2013/11/07  (rcs-revision 1.5)
))) (/usr/share/texlive/texmf-dist/tex/latex/pgf/utilities/xxcolor.sty
Package: xxcolor 2003/10/24 ver 0.1
\XC@nummixins=\count116
\XC@countmixins=\count117
)
(/usr/share/texlive/texmf-dist/tex/generic/oberdiek/atbegshi.sty
Package: atbegshi 2011/10/05 v1.16 At begin shipout hook (HO)
)
(/usr/share/texlive/texmf-dist/tex/latex/hyperref/hyperref.sty
Package: hyperref 2012/11/06 v6.83m Hypertext links for LaTeX

(/usr/share/texlive/texmf-dist/tex/generic/oberdiek/hobsub-hyperref.sty
Package: hobsub-hyperref 2012/05/28 v1.13 Bundle oberdiek, subset hyperref (HO)


(/usr/share/texlive/texmf-dist/tex/generic/oberdiek/hobsub-generic.sty
Package: hobsub-generic 2012/05/28 v1.13 Bundle oberdiek, subset generic (HO)
Package: hobsub 2012/05/28 v1.13 Construct package bundles (HO)
Package hobsub Info: Skipping package `infwarerr' (already loaded).
Package hobsub Info: Skipping package `ltxcmds' (already loaded).
Package: ifluatex 2010/03/01 v1.3 Provides the ifluatex switch (HO)
Package ifluatex Info: LuaTeX not detected.
Package hobsub Info: Skipping package `ifvtex' (already loaded).
Package: intcalc 2007/09/27 v1.1 Expandable calculations with integers (HO)
Package hobsub Info: Skipping package `ifpdf' (already loaded).
Package: etexcmds 2011/02/16 v1.5 Avoid name clashes with e-TeX commands (HO)
Package etexcmds Info: Could not find \expanded.
(etexcmds)             That can mean that you are not using pdfTeX 1.50 or
(etexcmds)             that some package has redefined \expanded.
(etexcmds)             In the latter case, load this package earlier.
Package: kvsetkeys 2012/04/25 v1.16 Key value parser (HO)
Package: kvdefinekeys 2011/04/07 v1.3 Define keys (HO)
Package: pdftexcmds 2011/11/29 v0.20 Utility functions of pdfTeX for LuaTeX (HO
)
Package pdftexcmds Info: LuaTeX not detected.
Package pdftexcmds Info: \pdf@primitive is available.
Package pdftexcmds Info: \pdf@ifprimitive is available.
Package pdftexcmds Info: \pdfdraftmode found.
Package: pdfescape 2011/11/25 v1.13 Implements pdfTeX's escape features (HO)
Package: bigintcalc 2012/04/08 v1.3 Expandable calculations on big integers (HO
)
Package: bitset 2011/01/30 v1.1 Handle bit-vector datatype (HO)
Package: uniquecounter 2011/01/30 v1.2 Provide unlimited unique counter (HO)
)
Package hobsub Info: Skipping package `hobsub' (already loaded).
Package: letltxmacro 2010/09/02 v1.4 Let assignment for LaTeX macros (HO)
Package: hopatch 2012/05/28 v1.2 Wrapper for package hooks (HO)
Package: xcolor-patch 2011/01/30 xcolor patch
Package: atveryend 2011/06/30 v1.8 Hooks at the very end of document (HO)
Package atveryend Info: \enddocument detected (standard20110627).
Package hobsub Info: Skipping package `atbegshi' (already loaded).
Package: refcount 2011/10/16 v3.4 Data extraction from label references (HO)
Package: hycolor 2011/01/30 v1.7 Color options for hyperref/bookmark (HO)
)
(/usr/share/texlive/texmf-dist/tex/latex/oberdiek/auxhook.sty
Package: auxhook 2011/03/04 v1.3 Hooks for auxiliary files (HO)
)
(/usr/share/texlive/texmf-dist/tex/latex/oberdiek/kvoptions.sty
Package: kvoptions 2011/06/30 v3.11 Key value format for package options (HO)
)
\@linkdim=\dimen164
\Hy@linkcounter=\count118
\Hy@pagecounter=\count119

(/usr/share/texlive/texmf-dist/tex/latex/hyperref/pd1enc.def
File: pd1enc.def 2012/11/06 v6.83m Hyperref: PDFDocEncoding definition (HO)
)
\Hy@SavedSpaceFactor=\count120

(/usr/share/texlive/texmf-dist/tex/latex/latexconfig/hyperref.cfg
File: hyperref.cfg 2002/06/06 v1.2 hyperref configuration of TeXLive
)
Package hyperref Info: Option `bookmarks' set `true' on input line 4319.
Package hyperref Info: Option `bookmarksopen' set `true' on input line 4319.
Package hyperref Info: Option `implicit' set `false' on input line 4319.
Package hyperref Info: Hyper figures OFF on input line 4443.
Package hyperref Info: Link nesting OFF on input line 4448.
Package hyperref Info: Hyper index ON on input line 4451.
Package hyperref Info: Plain pages OFF on input line 4458.
Package hyperref Info: Backreferencing OFF on input line 4463.
Package hyperref Info: Implicit mode OFF; no redefinition of LaTeX internals.
Package hyperref Info: Bookmarks ON on input line 4688.
\c@Hy@tempcnt=\count121

(/usr/share/texlive/texmf-dist/tex/latex/url/url.sty
\Urlmuskip=\muskip10
Package: url 2013/09/16  ver 3.4  Verb mode for urls, etc.
)
LaTeX Info: Redefining \url on input line 5041.
\XeTeXLinkMargin=\dimen165
\Fld@menulength=\count122
\Field@Width=\dimen166
\Fld@charsize=\dimen167
Package hyperref Info: Hyper figures OFF on input line 6295.
Package hyperref Info: Link nesting OFF on input line 6300.
Package hyperref Info: Hyper index ON on input line 6303.
Package hyperref Info: backreferencing OFF on input line 6310.
Package hyperref Info: Link coloring OFF on input line 6315.
Package hyperref Info: Link coloring with OCG OFF on input line 6320.
Package hyperref Info: PDF/A mode OFF on input line 6325.
LaTeX Info: Redefining \ref on input line 6365.
LaTeX Info: Redefining \pageref on input line 6369.
\Hy@abspage=\count123


Package hyperref Message: Stopped early.

)

Package hyperref Message: Driver (autodetected): hpdftex.

(/usr/share/texlive/texmf-dist/tex/latex/hyperref/hpdftex.def
File: hpdftex.def 2012/11/06 v6.83m Hyperref driver for pdfTeX
\Fld@listcount=\count124
\c@bookmark@seq@number=\count125

(/usr/share/texlive/texmf-dist/tex/latex/oberdiek/rerunfilecheck.sty
Package: rerunfilecheck 2011/04/15 v1.7 Rerun checks for auxiliary files (HO)
Package uniquecounter Info: New unique counter `rerunfilecheck' on input line 2
82.
))
(/usr/share/texlive/texmf-dist/tex/latex/beamer/beamerbaserequires.sty
Package: beamerbaserequires 2010/05/01  (rcs-revision efa082c6111d)

(/usr/share/texlive/texmf-dist/tex/latex/beamer/beamerbasecompatibility.sty
Package: beamerbasecompatibility 2012/05/01  (rcs-revision 67c48b3b652d)
)
(/usr/share/texlive/texmf-dist/tex/latex/beamer/beamerbasefont.sty
Package: beamerbasefont 2013/10/18  (rcs-revision 72f39e01808a)

(/usr/share/texlive/texmf-dist/tex/latex/amsfonts/amssymb.sty
Package: amssymb 2013/01/14 v3.01 AMS font symbols

(/usr/share/texlive/texmf-dist/tex/latex/amsfonts/amsfonts.sty
Package: amsfonts 2013/01/14 v3.01 Basic AMSFonts support
\@emptytoks=\toks26
\symAMSa=\mathgroup4
\symAMSb=\mathgroup5
LaTeX Font Info:    Overwriting math alphabet `\mathfrak' in version `bold'
(Font)                  U/euf/m/n --> U/euf/b/n on input line 106.
))
(/usr/share/texlive/texmf-dist/tex/latex/sansmathaccent/sansmathaccent.sty
Package: sansmathaccent 2013/03/28

(/usr/share/texlive/texmf-dist/tex/latex/filehook/filehook.sty
Package: filehook 2011/10/12 v0.5d Hooks for input files
)))
(/usr/share/texlive/texmf-dist/tex/latex/beamer/beamerbasetranslator.sty
Package: beamerbasetranslator 2010/06/11  (rcs-revision 85fd1cc7fc42)

(/usr/share/texlive/texmf-dist/tex/latex/beamer/translator/translator.sty
Package: translator 2010/06/12 ver 1.10

(/usr/share/texlive/texmf-dist/tex/latex/beamer/translator/translator-language-
mappings.tex)))
(/usr/share/texlive/texmf-dist/tex/latex/beamer/beamerbasemisc.sty
Package: beamerbasemisc 2013/09/03  (rcs-revision a55719c41d85)
)
(/usr/share/texlive/texmf-dist/tex/latex/beamer/beamerbasetwoscreens.sty
Package: beamerbasetwoscreens 2010/05/01  (rcs-revision efa082c6111d)
)
(/usr/share/texlive/texmf-dist/tex/latex/beamer/beamerbaseoverlay.sty
Package: beamerbaseoverlay 2013/12/25  (rcs-revision f6bd5e3805da)
\beamer@argscount=\count126
\beamer@lastskipcover=\skip44
\beamer@trivlistdepth=\count127
)
(/usr/share/texlive/texmf-dist/tex/latex/beamer/beamerbasetitle.sty
Package: beamerbasetitle 2010/09/21  (rcs-revision f0446ed0b6ae)
)
(/usr/share/texlive/texmf-dist/tex/latex/beamer/beamerbasesection.sty
Package: beamerbasesection 2013/06/07  (rcs-revision 60b9fe0f342f)
\c@lecture=\count128
\c@part=\count129
\c@section=\count130
\c@subsection=\count131
\c@subsubsection=\count132
)
(/usr/share/texlive/texmf-dist/tex/latex/beamer/beamerbaseframe.sty
Package: beamerbaseframe 2013/10/02  (rcs-revision cdc8e9a3aaac)
\beamer@framebox=\box40
\beamer@frametitlebox=\box41
\beamer@zoombox=\box42
\beamer@zoomcount=\count133
\beamer@zoomframecount=\count134
\beamer@frametextheight=\dimen168
\c@subsectionslide=\count135
\beamer@frametopskip=\skip45
\beamer@framebottomskip=\skip46
\beamer@frametopskipautobreak=\skip47
\beamer@framebottomskipautobreak=\skip48
\beamer@envbody=\toks27
\framewidth=\dimen169
\c@framenumber=\count136
)
(/usr/share/texlive/texmf-dist/tex/latex/beamer/beamerbaseverbatim.sty
Package: beamerbaseverbatim 2012/08/30  (rcs-revision dfdb135076b3)
\beamer@verbatimfileout=\write4
)
(/usr/share/texlive/texmf-dist/tex/latex/beamer/beamerbaseframesize.sty
Package: beamerbaseframesize 2011/09/12  (rcs-revision 70f9d8411e54)
\beamer@splitbox=\box43
\beamer@autobreakcount=\count137
\beamer@autobreaklastheight=\dimen170
\beamer@frametitletoks=\toks28
\beamer@framesubtitletoks=\toks29
)
(/usr/share/texlive/texmf-dist/tex/latex/beamer/beamerbaseframecomponents.sty
Package: beamerbaseframecomponents 2013/10/18  (rcs-revision 5cf6c5555a45)
\beamer@footins=\box44
)
(/usr/share/texlive/texmf-dist/tex/latex/beamer/beamerbasecolor.sty
Package: beamerbasecolor 2010/06/06  (rcs-revision d1a9b48be06d)
)
(/usr/share/texlive/texmf-dist/tex/latex/beamer/beamerbasenotes.sty
Package: beamerbasenotes 2012/12/19  (rcs-revision 1686da3db3c9)
\beamer@frameboxcopy=\box45
)
(/usr/share/texlive/texmf-dist/tex/latex/beamer/beamerbasetoc.sty
Package: beamerbasetoc 2013/05/23  (rcs-revision 0fdf5bc43be8)
)
(/usr/share/texlive/texmf-dist/tex/latex/beamer/beamerbasetemplates.sty
Package: beamerbasetemplates 2010/05/01  (rcs-revision efa082c6111d)
\beamer@sbttoks=\toks30

(/usr/share/texlive/texmf-dist/tex/latex/beamer/beamerbaseauxtemplates.sty
Package: beamerbaseauxtemplates 2013/09/04  (rcs-revision 4ac715c499d0)

(/usr/share/texlive/texmf-dist/tex/latex/beamer/beamerbaseboxes.sty
Package: beamerbaseboxes 2012/05/13  (rcs-revision 56972908a390)
\bmb@box=\box46
\bmb@colorbox=\box47
\bmb@boxshadow=\box48
\bmb@boxshadowball=\box49
\bmb@boxshadowballlarge=\box50
\bmb@temp=\dimen171
\bmb@dima=\dimen172
\bmb@dimb=\dimen173
\bmb@prevheight=\dimen174
)
\beamer@blockheadheight=\dimen175
))
(/usr/share/texlive/texmf-dist/tex/latex/beamer/beamerbaselocalstructure.sty
Package: beamerbaselocalstructure 2013/09/04  (rcs-revision 4ac715c499d0)

(/usr/share/texlive/texmf-dist/tex/latex/tools/enumerate.sty
Package: enumerate 2014/10/28 v3.00 enumerate extensions (DPC)
\@enLab=\toks31
)
\c@figure=\count138
\c@table=\count139
\abovecaptionskip=\skip49
\belowcaptionskip=\skip50
)
(/usr/share/texlive/texmf-dist/tex/latex/beamer/beamerbasenavigation.sty
Package: beamerbasenavigation 2013/10/05  (rcs-revision 62be157fe783)
\beamer@section@min@dim=\dimen176
)
(/usr/share/texlive/texmf-dist/tex/latex/beamer/beamerbasetheorems.sty
Package: beamerbasetheorems 2010/06/06  (rcs-revision 7e7cc5e53e9d)

(/usr/share/texlive/texmf-dist/tex/latex/amsmath/amsmath.sty
Package: amsmath 2013/01/14 v2.14 AMS math features
\@mathmargin=\skip51

For additional information on amsmath, use the `?' option.
(/usr/share/texlive/texmf-dist/tex/latex/amsmath/amstext.sty
Package: amstext 2000/06/29 v2.01

(/usr/share/texlive/texmf-dist/tex/latex/amsmath/amsgen.sty
File: amsgen.sty 1999/11/30 v2.0
\@emptytoks=\toks32
\ex@=\dimen177
))
(/usr/share/texlive/texmf-dist/tex/latex/amsmath/amsbsy.sty
Package: amsbsy 1999/11/29 v1.2d
\pmbraise@=\dimen178
)
(/usr/share/texlive/texmf-dist/tex/latex/amsmath/amsopn.sty
Package: amsopn 1999/12/14 v2.01 operator names
)
\inf@bad=\count140
LaTeX Info: Redefining \frac on input line 210.
\uproot@=\count141
\leftroot@=\count142
LaTeX Info: Redefining \overline on input line 306.
\classnum@=\count143
\DOTSCASE@=\count144
LaTeX Info: Redefining \ldots on input line 378.
LaTeX Info: Redefining \dots on input line 381.
LaTeX Info: Redefining \cdots on input line 466.
\Mathstrutbox@=\box51
\strutbox@=\box52
\big@size=\dimen179
LaTeX Font Info:    Redeclaring font encoding OML on input line 566.
LaTeX Font Info:    Redeclaring font encoding OMS on input line 567.
\macc@depth=\count145
\c@MaxMatrixCols=\count146
\dotsspace@=\muskip11
\c@parentequation=\count147
\dspbrk@lvl=\count148
\tag@help=\toks33
\row@=\count149
\column@=\count150
\maxfields@=\count151
\andhelp@=\toks34
\eqnshift@=\dimen180
\alignsep@=\dimen181
\tagshift@=\dimen182
\tagwidth@=\dimen183
\totwidth@=\dimen184
\lineht@=\dimen185
\@envbody=\toks35
\multlinegap=\skip52
\multlinetaggap=\skip53
\mathdisplay@stack=\toks36
LaTeX Info: Redefining \[ on input line 2665.
LaTeX Info: Redefining \] on input line 2666.
)
(/usr/share/texlive/texmf-dist/tex/latex/amscls/amsthm.sty
Package: amsthm 2009/07/02 v2.20.1
\thm@style=\toks37
\thm@bodyfont=\toks38
\thm@headfont=\toks39
\thm@notefont=\toks40
\thm@headpunct=\toks41
\thm@preskip=\skip54
\thm@postskip=\skip55
\thm@headsep=\skip56
\dth@everypar=\toks42
)
\c@theorem=\count152
)
(/usr/share/texlive/texmf-dist/tex/latex/beamer/beamerbasethemes.sty
Package: beamerbasethemes 2010/05/01  (rcs-revision efa082c6111d)
))
(/usr/share/texlive/texmf-dist/tex/latex/beamer/themes/theme/beamerthemedefault
.sty
Package: beamerthemedefault 2010/06/17  (rcs-revision d02a7cf4d8ae)

(/usr/share/texlive/texmf-dist/tex/latex/beamer/themes/font/beamerfontthemedefa
ult.sty
Package: beamerfontthemedefault 2012/12/19  (rcs-revision 1686da3db3c9)
)
(/usr/share/texlive/texmf-dist/tex/latex/beamer/themes/color/beamercolorthemede
fault.sty
Package: beamercolorthemedefault 2012/12/19  (rcs-revision 1686da3db3c9)
)
(/usr/share/texlive/texmf-dist/tex/latex/beamer/themes/inner/beamerinnerthemede
fault.sty
Package: beamerinnerthemedefault 2013/10/15  (rcs-revision 65cb471f9634)
\beamer@dima=\dimen186
\beamer@dimb=\dimen187
)
(/usr/share/texlive/texmf-dist/tex/latex/beamer/themes/outer/beamerouterthemede
fault.sty
Package: beamerouterthemedefault 2012/12/19  (rcs-revision 1686da3db3c9)
))) (/usr/share/texlive/texmf-dist/tex/latex/base/inputenc.sty
Package: inputenc 2014/04/30 v1.2b Input encoding file
\inpenc@prehook=\toks43
\inpenc@posthook=\toks44

(/usr/share/texlive/texmf-dist/tex/latex/base/latin1.def
File: latin1.def 2014/04/30 v1.2b Input encoding file
))
(/usr/share/texlive/texmf-dist/tex/latex/psnfss/times.sty
Package: times 2005/04/12 PSNFSS-v9.2a (SPQR) 
)
(/usr/share/texlive/texmf-dist/tex/latex/pgf/frontendlayer/tikz.sty
(/usr/share/texlive/texmf-dist/tex/latex/pgf/basiclayer/pgf.sty
Package: pgf 2013/12/18 v3.0.0 (rcs-revision 1.14)

(/usr/share/texlive/texmf-dist/tex/generic/pgf/modules/pgfmoduleshapes.code.tex
File: pgfmoduleshapes.code.tex 2013/10/31  (rcs-revision 1.34)
\pgfnodeparttextbox=\box53
) (/usr/share/texlive/texmf-dist/tex/generic/pgf/modules/pgfmoduleplot.code.tex
File: pgfmoduleplot.code.tex 2013/07/31  (rcs-revision 1.12)
)
(/usr/share/texlive/texmf-dist/tex/latex/pgf/compatibility/pgfcomp-version-0-65
.sty
Package: pgfcomp-version-0-65 2007/07/03 v3.0.0 (rcs-revision 1.7)
\pgf@nodesepstart=\dimen188
\pgf@nodesepend=\dimen189
)
(/usr/share/texlive/texmf-dist/tex/latex/pgf/compatibility/pgfcomp-version-1-18
.sty
Package: pgfcomp-version-1-18 2007/07/23 v3.0.0 (rcs-revision 1.1)
)) (/usr/share/texlive/texmf-dist/tex/latex/pgf/utilities/pgffor.sty
(/usr/share/texlive/texmf-dist/tex/latex/pgf/utilities/pgfkeys.sty
(/usr/share/texlive/texmf-dist/tex/generic/pgf/utilities/pgfkeys.code.tex))
(/usr/share/texlive/texmf-dist/tex/latex/pgf/math/pgfmath.sty
(/usr/share/texlive/texmf-dist/tex/generic/pgf/math/pgfmath.code.tex))
(/usr/share/texlive/texmf-dist/tex/generic/pgf/utilities/pgffor.code.tex
Package: pgffor 2013/12/13 v3.0.0 (rcs-revision 1.25)

(/usr/share/texlive/texmf-dist/tex/generic/pgf/math/pgfmath.code.tex)
\pgffor@iter=\dimen190
\pgffor@skip=\dimen191
\pgffor@stack=\toks45
\pgffor@toks=\toks46
))
(/usr/share/texlive/texmf-dist/tex/generic/pgf/frontendlayer/tikz/tikz.code.tex
Package: tikz 2013/12/13 v3.0.0 (rcs-revision 1.142)

(/usr/share/texlive/texmf-dist/tex/generic/pgf/libraries/pgflibraryplothandlers
.code.tex
File: pgflibraryplothandlers.code.tex 2013/08/31 v3.0.0 (rcs-revision 1.20)
\pgf@plot@mark@count=\count153
\pgfplotmarksize=\dimen192
)
\tikz@lastx=\dimen193
\tikz@lasty=\dimen194
\tikz@lastxsaved=\dimen195
\tikz@lastysaved=\dimen196
\tikzleveldistance=\dimen197
\tikzsiblingdistance=\dimen198
\tikz@figbox=\box54
\tikz@figbox@bg=\box55
\tikz@tempbox=\box56
\tikz@tempbox@bg=\box57
\tikztreelevel=\count154
\tikznumberofchildren=\count155
\tikznumberofcurrentchild=\count156
\tikz@fig@count=\count157

(/usr/share/texlive/texmf-dist/tex/generic/pgf/modules/pgfmodulematrix.code.tex
File: pgfmodulematrix.code.tex 2013/09/17  (rcs-revision 1.8)
\pgfmatrixcurrentrow=\count158
\pgfmatrixcurrentcolumn=\count159
\pgf@matrix@numberofcolumns=\count160
)
\tikz@expandcount=\count161

(/usr/share/texlive/texmf-dist/tex/generic/pgf/frontendlayer/tikz/libraries/tik
zlibrarytopaths.code.tex
File: tikzlibrarytopaths.code.tex 2008/06/17 v3.0.0 (rcs-revision 1.2)
)))
(/usr/share/texlive/texmf-dist/tex/latex/beamer/themes/theme/beamerthemeLuebeck
.sty
Package: beamerthemeLuebeck 2010/06/17  (rcs-revision d02a7cf4d8ae)

(/usr/share/texlive/texmf-dist/tex/latex/beamer/themes/outer/beamerouterthemesp
lit.sty
Package: beamerouterthemesplit 2012/10/16  (rcs-revision 51a8c72084af)
)
(/usr/share/texlive/texmf-dist/tex/latex/beamer/themes/inner/beamerinnerthemere
ctangles.sty
Package: beamerinnerthemerectangles 2010/06/17  (rcs-revision d02a7cf4d8ae)
)
(/usr/share/texlive/texmf-dist/tex/latex/beamer/themes/color/beamercolorthemewh
ale.sty
Package: beamercolorthemewhale 2010/06/17  (rcs-revision d02a7cf4d8ae)
)
(/usr/share/texlive/texmf-dist/tex/latex/beamer/themes/color/beamercolorthemeor
chid.sty
Package: beamercolorthemeorchid 2010/06/17  (rcs-revision d02a7cf4d8ae)
)) (/usr/share/texlive/texmf-dist/tex/latex/setspace/setspace.sty
Package: setspace 2011/12/19 v6.7a set line spacing
)
(/usr/share/texlive/texmf-dist/tex/latex/Tabbing/Tabbing.sty
Package: Tabbing 1997/12/18 v1.0 Tabbing environment (JPFD)
)
(/usr/share/texlive/texmf-dist/tex/latex/fancyhdr/fancyhdr.sty
\fancy@headwidth=\skip57
\f@ncyO@elh=\skip58
\f@ncyO@erh=\skip59
\f@ncyO@olh=\skip60
\f@ncyO@orh=\skip61
\f@ncyO@elf=\skip62
\f@ncyO@erf=\skip63
\f@ncyO@olf=\skip64
\f@ncyO@orf=\skip65
)
(/usr/share/texlive/texmf-dist/tex/latex/lastpage/lastpage.sty
Package: lastpage 2013/01/28 v1.2l Refers to last page's name (HMM; JPG)
)
(/usr/share/texlive/texmf-dist/tex/latex/fancyhdr/extramarks.sty
\@temptokenb=\toks47
)
(/usr/share/texlive/texmf-dist/tex/latex/changepage/chngpage.sty
Package: chngpage 2009/10/20 v1.2b change page layout
\c@cp@cnt=\count162
\c@cp@tempcnt=\count163
)
(/usr/share/texlive/texmf-dist/tex/latex/soul/soul.sty
Package: soul 2003/11/17 v2.4 letterspacing/underlining (mf)
\SOUL@word=\toks48
\SOUL@lasttoken=\toks49
\SOUL@cmds=\toks50
\SOUL@buffer=\toks51
\SOUL@token=\toks52
\SOUL@spaceskip=\skip66
\SOUL@ttwidth=\dimen199
\SOUL@uldp=\dimen200
\SOUL@ulht=\dimen201
)
(/usr/share/texlive/texmf-dist/tex/latex/float/float.sty
Package: float 2001/11/08 v1.3d Float enhancements (AL)
\c@float@type=\count164
\float@exts=\toks53
\float@box=\box58
\@float@everytoks=\toks54
\@floatcapt=\box59
)
(/usr/share/texlive/texmf-dist/tex/latex/wrapfig/wrapfig.sty
\wrapoverhang=\dimen202
\WF@size=\dimen203
\c@WF@wrappedlines=\count165
\WF@box=\box60
\WF@everypar=\toks55
Package: wrapfig 2003/01/31  v 3.6
)
(/usr/share/texlive/texmf-dist/tex/latex/listings/listings.sty
\lst@mode=\count166
\lst@gtempboxa=\box61
\lst@token=\toks56
\lst@length=\count167
\lst@currlwidth=\dimen204
\lst@column=\count168
\lst@pos=\count169
\lst@lostspace=\dimen205
\lst@width=\dimen206
\lst@newlines=\count170
\lst@lineno=\count171
\lst@maxwidth=\dimen207

(/usr/share/texlive/texmf-dist/tex/latex/listings/lstmisc.sty
File: lstmisc.sty 2014/09/06 1.5e (Carsten Heinz)
\c@lstnumber=\count172
\lst@skipnumbers=\count173
\lst@framebox=\box62
)
(/usr/share/texlive/texmf-dist/tex/latex/listings/listings.cfg
File: listings.cfg 2014/09/06 1.5e listings configuration
))
Package: listings 2014/09/06 1.5e (Carsten Heinz)

(/usr/share/texlive/texmf-dist/tex/latex/subfigure/subfigure.sty
Package: subfigure 2002/03/15 v2.1.5 subfigure package
\subfigtopskip=\skip67
\subfigcapskip=\skip68
\subfigcaptopadj=\dimen208
\subfigbottomskip=\skip69
\subfigcapmargin=\dimen209
\subfiglabelskip=\skip70
\c@subfigure=\count174
\c@lofdepth=\count175
\c@subtable=\count176
\c@lotdepth=\count177

****************************************
* Local config file subfigure.cfg used *
****************************************
(/usr/share/texlive/texmf-dist/tex/latex/subfigure/subfigure.cfg)
\subfig@top=\skip71
\subfig@bottom=\skip72
)
(/usr/share/texlive/texmf-dist/tex/latex/caption/caption.sty
Package: caption 2013/05/02 v3.3-89 Customizing captions (AR)

(/usr/share/texlive/texmf-dist/tex/latex/caption/caption3.sty
Package: caption3 2013/05/02 v1.6-88 caption3 kernel (AR)
Package caption3 Info: TeX engine: e-TeX on input line 57.
\captionmargin=\dimen210
\captionmargin@=\dimen211
\captionwidth=\dimen212
\caption@tempdima=\dimen213
\caption@indent=\dimen214
\caption@parindent=\dimen215
\caption@hangindent=\dimen216
)
\c@ContinuedFloat=\count178
Package caption Info: beamer document class.
Package caption Info: float package is loaded.
Package caption Info: hyperref package is loaded.
Package caption Info: Hyperref support is turned off
(caption)             because hyperref has stopped early.
Package caption Info: listings package is loaded.
Package caption Info: subfigure package is loaded.
Package caption Info: wrapfig package is loaded.
)
(/usr/share/texlive/texmf-dist/tex/latex/enumitem/enumitem.sty
Package: enumitem 2011/09/28 v3.5.2 Customized lists
\labelindent=\skip73
\enit@outerparindent=\dimen217
\enit@toks=\toks57
\enit@inbox=\box63
\enitdp@description=\count179
)
(/usr/share/texlive/texmf-dist/tex/latex/algorithmicx/algpseudocode.sty
Package: algpseudocode 

(/usr/share/texlive/texmf-dist/tex/latex/base/ifthen.sty
Package: ifthen 2014/09/29 v1.1c Standard LaTeX ifthen package (DPC)
)
(/usr/share/texlive/texmf-dist/tex/latex/algorithmicx/algorithmicx.sty
Package: algorithmicx 2005/04/27 v1.2 Algorithmicx

Document Style algorithmicx 1.2 - a greatly improved `algorithmic' style
\c@ALG@line=\count180
\c@ALG@rem=\count181
\c@ALG@nested=\count182
\ALG@tlm=\skip74
\ALG@thistlm=\skip75
\c@ALG@Lnr=\count183
\c@ALG@blocknr=\count184
\c@ALG@storecount=\count185
\c@ALG@tmpcounter=\count186
\ALG@tmplength=\skip76
)
Document Style - pseudocode environments for use with the `algorithmicx' style
) (./slides.aux)
\openout1 = `slides.aux'.

LaTeX Font Info:    Checking defaults for OML/cmm/m/it on input line 98.
LaTeX Font Info:    ... okay on input line 98.
LaTeX Font Info:    Checking defaults for T1/cmr/m/n on input line 98.
LaTeX Font Info:    ... okay on input line 98.
LaTeX Font Info:    Checking defaults for OT1/cmr/m/n on input line 98.
LaTeX Font Info:    ... okay on input line 98.
LaTeX Font Info:    Checking defaults for OMS/cmsy/m/n on input line 98.
LaTeX Font Info:    ... okay on input line 98.
LaTeX Font Info:    Checking defaults for OMX/cmex/m/n on input line 98.
LaTeX Font Info:    ... okay on input line 98.
LaTeX Font Info:    Checking defaults for U/cmr/m/n on input line 98.
LaTeX Font Info:    ... okay on input line 98.
LaTeX Font Info:    Checking defaults for PD1/pdf/m/n on input line 98.
LaTeX Font Info:    ... okay on input line 98.
LaTeX Font Info:    Try loading font information for OT1+phv on input line 98.
 (/usr/share/texlive/texmf-dist/tex/latex/psnfss/ot1phv.fd
File: ot1phv.fd 2001/06/04 scalable font definitions for OT1/phv.
)
*geometry* driver: auto-detecting
*geometry* detected driver: pdftex
*geometry* verbose mode - [ preamble ] result:
* driver: pdftex
* paper: custom
* layout: <same size as paper>
* layoutoffset:(h,v)=(0.0pt,0.0pt)
* modes: includehead includefoot 
* h-part:(L,W,R)=(28.45274pt, 307.28987pt, 28.45274pt)
* v-part:(T,H,B)=(0.0pt, 273.14662pt, 0.0pt)
* \paperwidth=364.19536pt
* \paperheight=273.14662pt
* \textwidth=307.28987pt
* \textheight=244.6939pt
* \oddsidemargin=-43.81725pt
* \evensidemargin=-43.81725pt
* \topmargin=-72.26999pt
* \headheight=14.22636pt
* \headsep=0.0pt
* \topskip=11.0pt
* \footskip=14.22636pt
* \marginparwidth=4.0pt
* \marginparsep=10.0pt
* \columnsep=10.0pt
* \skip\footins=10.0pt plus 4.0pt minus 2.0pt
* \hoffset=0.0pt
* \voffset=0.0pt
* \mag=1000
* \@twocolumnfalse
* \@twosidefalse
* \@mparswitchfalse
* \@reversemarginfalse
* (1in=72.27pt=25.4mm, 1cm=28.453pt)

(/usr/share/texlive/texmf-dist/tex/context/base/supp-pdf.mkii
[Loading MPS to PDF converter (version 2006.09.02).]
\scratchcounter=\count187
\scratchdimen=\dimen218
\scratchbox=\box64
\nofMPsegments=\count188
\nofMParguments=\count189
\everyMPshowfont=\toks58
\MPscratchCnt=\count190
\MPscratchDim=\dimen219
\MPnumerator=\count191
\makeMPintoPDFobject=\count192
\everyMPtoPDFconversion=\toks59
) (/usr/share/texlive/texmf-dist/tex/latex/oberdiek/epstopdf-base.sty
Package: epstopdf-base 2010/02/09 v2.5 Base part for package epstopdf

(/usr/share/texlive/texmf-dist/tex/latex/oberdiek/grfext.sty
Package: grfext 2010/08/19 v1.1 Manage graphics extensions (HO)
)
Package grfext Info: Graphics extension search list:
(grfext)             [.png,.pdf,.jpg,.mps,.jpeg,.jbig2,.jb2,.PNG,.PDF,.JPG,.JPE
G,.JBIG2,.JB2,.eps]
(grfext)             \AppendGraphicsExtensions on input line 452.

(/usr/share/texlive/texmf-dist/tex/latex/latexconfig/epstopdf-sys.cfg
File: epstopdf-sys.cfg 2010/07/13 v1.3 Configuration of (r)epstopdf for TeX Liv
e
))
ABD: EveryShipout initializing macros
\AtBeginShipoutBox=\box65
Package hyperref Info: Link coloring OFF on input line 98.

(/usr/share/texlive/texmf-dist/tex/latex/hyperref/nameref.sty
Package: nameref 2012/10/27 v2.43 Cross-referencing by name of section

(/usr/share/texlive/texmf-dist/tex/generic/oberdiek/gettitlestring.sty
Package: gettitlestring 2010/12/03 v1.4 Cleanup title references (HO)
)
\c@section@level=\count193
)
LaTeX Info: Redefining \ref on input line 98.
LaTeX Info: Redefining \pageref on input line 98.
LaTeX Info: Redefining \nameref on input line 98.

(./slides.out) (./slides.out)
\@outlinefile=\write5
\openout5 = `slides.out'.

LaTeX Font Info:    Overwriting symbol font `operators' in version `normal'
(Font)                  OT1/cmr/m/n --> OT1/cmss/m/n on input line 98.
LaTeX Font Info:    Overwriting symbol font `operators' in version `bold'
(Font)                  OT1/cmr/bx/n --> OT1/cmss/bx/n on input line 98.
\symnumbers=\mathgroup6
\sympureletters=\mathgroup7
LaTeX Font Info:    Overwriting math alphabet `\mathrm' in version `normal'
(Font)                  OT1/cmss/m/n --> OT1/ptm/m/n on input line 98.
LaTeX Font Info:    Redeclaring math alphabet \mathbf on input line 98.
LaTeX Font Info:    Overwriting math alphabet `\mathbf' in version `normal'
(Font)                  OT1/cmr/bx/n --> OT1/phv/bx/n on input line 98.
LaTeX Font Info:    Overwriting math alphabet `\mathbf' in version `bold'
(Font)                  OT1/cmr/bx/n --> OT1/phv/bx/n on input line 98.
LaTeX Font Info:    Redeclaring math alphabet \mathsf on input line 98.
LaTeX Font Info:    Overwriting math alphabet `\mathsf' in version `normal'
(Font)                  OT1/cmss/m/n --> OT1/phv/m/n on input line 98.
LaTeX Font Info:    Overwriting math alphabet `\mathsf' in version `bold'
(Font)                  OT1/cmss/bx/n --> OT1/phv/m/n on input line 98.
LaTeX Font Info:    Redeclaring math alphabet \mathit on input line 98.
LaTeX Font Info:    Overwriting math alphabet `\mathit' in version `normal'
(Font)                  OT1/cmr/m/it --> OT1/phv/m/it on input line 98.
LaTeX Font Info:    Overwriting math alphabet `\mathit' in version `bold'
(Font)                  OT1/cmr/bx/it --> OT1/phv/m/it on input line 98.
LaTeX Font Info:    Redeclaring math alphabet \mathtt on input line 98.
LaTeX Font Info:    Overwriting math alphabet `\mathtt' in version `normal'
(Font)                  OT1/cmtt/m/n --> OT1/pcr/m/n on input line 98.
LaTeX Font Info:    Overwriting math alphabet `\mathtt' in version `bold'
(Font)                  OT1/cmtt/m/n --> OT1/pcr/m/n on input line 98.
LaTeX Font Info:    Overwriting symbol font `numbers' in version `bold'
(Font)                  OT1/phv/m/n --> OT1/phv/bx/n on input line 98.
LaTeX Font Info:    Overwriting symbol font `pureletters' in version `bold'
(Font)                  OT1/phv/m/it --> OT1/phv/bx/it on input line 98.
LaTeX Font Info:    Overwriting math alphabet `\mathrm' in version `bold'
(Font)                  OT1/cmss/bx/n --> OT1/ptm/bx/n on input line 98.
LaTeX Font Info:    Overwriting math alphabet `\mathbf' in version `bold'
(Font)                  OT1/phv/bx/n --> OT1/phv/bx/n on input line 98.
LaTeX Font Info:    Overwriting math alphabet `\mathsf' in version `bold'
(Font)                  OT1/phv/m/n --> OT1/phv/bx/n on input line 98.
LaTeX Font Info:    Overwriting math alphabet `\mathit' in version `bold'
(Font)                  OT1/phv/m/it --> OT1/phv/bx/it on input line 98.
LaTeX Font Info:    Overwriting math alphabet `\mathtt' in version `bold'
(Font)                  OT1/pcr/m/n --> OT1/pcr/bx/n on input line 98.

(/usr/share/texlive/texmf-dist/tex/latex/beamer/translator/dicts/translator-bas
ic-dictionary/translator-basic-dictionary-English.dict
Dictionary: translator-basic-dictionary, Language: English 
)
(/usr/share/texlive/texmf-dist/tex/latex/beamer/translator/dicts/translator-bib
liography-dictionary/translator-bibliography-dictionary-English.dict
Dictionary: translator-bibliography-dictionary, Language: English 
)
(/usr/share/texlive/texmf-dist/tex/latex/beamer/translator/dicts/translator-env
ironment-dictionary/translator-environment-dictionary-English.dict
Dictionary: translator-environment-dictionary, Language: English 
)
(/usr/share/texlive/texmf-dist/tex/latex/beamer/translator/dicts/translator-mon
ths-dictionary/translator-months-dictionary-English.dict
Dictionary: translator-months-dictionary, Language: English 
)
(/usr/share/texlive/texmf-dist/tex/latex/beamer/translator/dicts/translator-num
bers-dictionary/translator-numbers-dictionary-English.dict
Dictionary: translator-numbers-dictionary, Language: English 
)
(/usr/share/texlive/texmf-dist/tex/latex/beamer/translator/dicts/translator-the
orem-dictionary/translator-theorem-dictionary-English.dict
Dictionary: translator-theorem-dictionary, Language: English 
)
LaTeX Info: Redefining \includegraphics on input line 98.
Package lastpage Info: Please have a look at the pageslts package at
(lastpage)             http://www.ctan.org/tex-archive/ 
(lastpage)             macros/latex/contrib/pageslts/ 
(lastpage)             or
(lastpage)             http://www.ctan.org/tex-archive/ 
(lastpage)             install/macros/latex/contrib/pageslts.tds.zip
(lastpage)             ! on input line 98.
\c@lstlisting=\count194
Package caption Info: Begin \AtBeginDocument code.
Package caption Info: End \AtBeginDocument code.
 (./slides.nav)
[1

{/var/lib/texmf/fonts/map/pdftex/updmap/pdftex.map}]
LaTeX Font Info:    Try loading font information for U+msa on input line 113.

(/usr/share/texlive/texmf-dist/tex/latex/amsfonts/umsa.fd
File: umsa.fd 2013/01/14 v3.01 AMS symbols A
)
LaTeX Font Info:    Try loading font information for U+msb on input line 113.

(/usr/share/texlive/texmf-dist/tex/latex/amsfonts/umsb.fd
File: umsb.fd 2013/01/14 v3.01 AMS symbols B
)
LaTeX Font Info:    Font shape `OT1/phv/m/it' in size <10.95> not available
(Font)              Font shape `OT1/phv/m/sl' tried instead on input line 113.
LaTeX Font Info:    Font shape `OT1/phv/m/it' in size <8> not available
(Font)              Font shape `OT1/phv/m/sl' tried instead on input line 113.
LaTeX Font Info:    Font shape `OT1/phv/m/it' in size <6> not available
(Font)              Font shape `OT1/phv/m/sl' tried instead on input line 113.
 [2

] [3

]
<2DDiscreteCurvatureAnchor1.pdf, id=97, 137.82921pt x 94.64268pt>
File: 2DDiscreteCurvatureAnchor1.pdf Graphic file (type pdf)

<use 2DDiscreteCurvatureAnchor1.pdf>
Package pdftex.def Info: 2DDiscreteCurvatureAnchor1.pdf used on input line 150.

(pdftex.def)             Requested size: 96.79521pt x 66.46603pt.

Underfull \hbox (badness 1460) in paragraph at lines 150--150
\OT1/phv/m/n/10.95 tices with re-spect to their
 []

<LaplacianReconstruction1Anchor.pdf, id=98, 806.6008pt x 355.96878pt>
File: LaplacianReconstruction1Anchor.pdf Graphic file (type pdf)

<use LaplacianReconstruction1Anchor.pdf>
Package pdftex.def Info: LaplacianReconstruction1Anchor.pdf used on input line 
150.
(pdftex.def)             Requested size: 245.83282pt x 108.48611pt.
 [4

 <./2DDiscreteCurvatureAnchor1.pdf> <./LaplacianReconstruction1Anchor.pdf

pdfTeX warning: pdflatex (file ./LaplacianReconstruction1Anchor.pdf): PDF inclu
sion: multiple pdfs with page group included in a single page
>] <Sorkine05.png, id=162, 729.72626pt x 746.79pt>
File: Sorkine05.png Graphic file (type png)
 <use Sorkine05.png>
Package pdftex.def Info: Sorkine05.png used on input line 166.
(pdftex.def)             Requested size: 153.64493pt x 157.22935pt.

Overfull \vbox (16.14246pt too high) detected at line 166
 []

[5

 <./Sorkine05.png>] <Sorkine07_1.png, id=189, 1372.12625pt x 436.63126pt>
File: Sorkine07_1.png Graphic file (type png)

<use Sorkine07_1.png>
Package pdftex.def Info: Sorkine07_1.png used on input line 182.
(pdftex.def)             Requested size: 307.28987pt x 97.78474pt.
 <Sorkine07_2.png, id=190, 1622.06pt x 493.845pt>
File: Sorkine07_2.png Graphic file (type png)

<use Sorkine07_2.png>
Package pdftex.def Info: Sorkine07_2.png used on input line 182.
(pdftex.def)             Requested size: 307.28987pt x 93.5527pt.

Overfull \vbox (1.49362pt too high) detected at line 182
 []

[6

 <./Sorkine07_1.png> <./Sorkine07_2.png>]
File: Sorkine07_1.png Graphic file (type png)
 <use Sorkine07_1.png>
Package pdftex.def Info: Sorkine07_1.png used on input line 182.
(pdftex.def)             Requested size: 307.28987pt x 97.78474pt.
File: Sorkine07_2.png Graphic file (type png)

<use Sorkine07_2.png>
Package pdftex.def Info: Sorkine07_2.png used on input line 182.
(pdftex.def)             Requested size: 307.28987pt x 93.5527pt.

Overfull \vbox (1.49362pt too high) detected at line 182
 []

[7

] [8

] [9

] [10

] [11

] [12

] [13

] <cost.pdf, id=403, 928.26799pt x 349.305pt>
File: cost.pdf Graphic file (type pdf)

<use cost.pdf>
Package pdftex.def Info: cost.pdf used on input line 241.
(pdftex.def)             Requested size: 215.10196pt x 80.94073pt.
 <cos2ts.pdf, id=404, 928.26799pt x 349.305pt>
File: cos2ts.pdf Graphic file (type pdf)
 <use cos2ts.pdf>
Package pdftex.def Info: cos2ts.pdf used on input line 241.
(pdftex.def)             Requested size: 215.10196pt x 80.94073pt.

[14

 <./cost.pdf> <./cos2ts.pdf

pdfTeX warning: pdflatex (file ./cos2ts.pdf): PDF inclusion: multiple pdfs with
 page group included in a single page
>] <CircleGraph.pdf, id=470, 436.37277pt x 283.43219pt>
File: CircleGraph.pdf Graphic file (type pdf)
 <use CircleGraph.pdf>
Package pdftex.def Info: CircleGraph.pdf used on input line 267.
(pdftex.def)             Requested size: 98.335pt x 63.86896pt.

<CircleLaplacian.png, id=471, 479.1501pt x 391.7034pt>
File: CircleLaplacian.png Graphic file (type png)

<use CircleLaplacian.png>
Package pdftex.def Info: CircleLaplacian.png used on input line 267.
(pdftex.def)             Requested size: 142.26378pt x 116.29861pt.

<CircleEigvecs.pdf, id=473, 500.66246pt x 389.18599pt>
File: CircleEigvecs.pdf Graphic file (type pdf)
 <use CircleEigvecs.pdf>
Package pdftex.def Info: CircleEigvecs.pdf used on input line 267.
(pdftex.def)             Requested size: 142.26378pt x 110.5866pt.
LaTeX Font Info:    Try loading font information for OT1+pcr on input line 267.


(/usr/share/texlive/texmf-dist/tex/latex/psnfss/ot1pcr.fd
File: ot1pcr.fd 2001/06/04 font definitions for OT1/pcr.
)
LaTeX Font Info:    Font shape `OT1/phv/m/it' in size <5> not available
(Font)              Font shape `OT1/phv/m/sl' tried instead on input line 267.
 [15

 <./CircleGraph.pdf> <./CircleLaplacian.png> <./CircleEigvecs.pdf

pdfTeX warning: pdflatex (file ./CircleEigvecs.pdf): PDF inclusion: multiple pd
fs with page group included in a single page
>]
File: CircleGraph.pdf Graphic file (type pdf)
 <use CircleGraph.pdf>
Package pdftex.def Info: CircleGraph.pdf used on input line 267.
(pdftex.def)             Requested size: 98.335pt x 63.86896pt.
File: CircleLaplacian.png Graphic file (type png)
 <use CircleLaplacian.png>
Package pdftex.def Info: CircleLaplacian.png used on input line 267.
(pdftex.def)             Requested size: 142.26378pt x 116.29861pt.
File: CircleEigvecs.pdf Graphic file (type pdf)
 <use CircleEigvecs.pdf>
Package pdftex.def Info: CircleEigvecs.pdf used on input line 267.
(pdftex.def)             Requested size: 142.26378pt x 110.5866pt.

[16

]
File: CircleGraph.pdf Graphic file (type pdf)
 <use CircleGraph.pdf>
Package pdftex.def Info: CircleGraph.pdf used on input line 267.
(pdftex.def)             Requested size: 98.335pt x 63.86896pt.
File: CircleLaplacian.png Graphic file (type png)
 <use CircleLaplacian.png>
Package pdftex.def Info: CircleLaplacian.png used on input line 267.
(pdftex.def)             Requested size: 142.26378pt x 116.29861pt.
File: CircleEigvecs.pdf Graphic file (type pdf)
 <use CircleEigvecs.pdf>
Package pdftex.def Info: CircleEigvecs.pdf used on input line 267.
(pdftex.def)             Requested size: 142.26378pt x 110.5866pt.

[17

] [18

] <Harmonics/RectModes/rect1.png, id=633, 784.9325pt x 385.44pt>
File: Harmonics/RectModes/rect1.png Graphic file (type png)

<use Harmonics/RectModes/rect1.png>
Package pdftex.def Info: Harmonics/RectModes/rect1.png used on input line 308.
(pdftex.def)             Requested size: 142.26378pt x 69.85847pt.

<Harmonics/RectModes/rect2.png, id=634, 780.9175pt x 382.42876pt>
File: Harmonics/RectModes/rect2.png Graphic file (type png)

<use Harmonics/RectModes/rect2.png>
Package pdftex.def Info: Harmonics/RectModes/rect2.png used on input line 308.
(pdftex.def)             Requested size: 142.26378pt x 69.66866pt.

<Harmonics/RectModes/rect7.png, id=635, 808.01875pt x 418.56375pt>
File: Harmonics/RectModes/rect7.png Graphic file (type png)

<use Harmonics/RectModes/rect7.png>
Package pdftex.def Info: Harmonics/RectModes/rect7.png used on input line 308.
(pdftex.def)             Requested size: 142.26378pt x 73.69043pt.

<Harmonics/RectModes/rect8.png, id=636, 811.03pt x 405.515pt>
File: Harmonics/RectModes/rect8.png Graphic file (type png)

<use Harmonics/RectModes/rect8.png>
Package pdftex.def Info: Harmonics/RectModes/rect8.png used on input line 308.
(pdftex.def)             Requested size: 142.26378pt x 71.12706pt.
 [19

 <./Harmonics/RectModes/rect1.png> <./Harmonics/RectModes/rect2.png> <./Harmoni
cs/RectModes/rect7.png> <./Harmonics/RectModes/rect8.png>]
<Harmonics/SphereModes/sphere1.png, id=664, 617.30624pt x 614.295pt>
File: Harmonics/SphereModes/sphere1.png Graphic file (type png)

<use Harmonics/SphereModes/sphere1.png>
Package pdftex.def Info: Harmonics/SphereModes/sphere1.png used on input line 3
42.
(pdftex.def)             Requested size: 85.35913pt x 84.94151pt.

<Harmonics/SphereModes/sphere2.png, id=665, 589.20125pt x 581.17125pt>
File: Harmonics/SphereModes/sphere2.png Graphic file (type png)

<use Harmonics/SphereModes/sphere2.png>
Package pdftex.def Info: Harmonics/SphereModes/sphere2.png used on input line 3
42.
(pdftex.def)             Requested size: 85.35913pt x 84.19229pt.

<Harmonics/SphereModes/sphere5.png, id=666, 403.5075pt x 332.24126pt>
File: Harmonics/SphereModes/sphere5.png Graphic file (type png)

<use Harmonics/SphereModes/sphere5.png>
Package pdftex.def Info: Harmonics/SphereModes/sphere5.png used on input line 3
42.
(pdftex.def)             Requested size: 85.35913pt x 70.27968pt.

<Harmonics/SphereModes/sphere9.png, id=667, 482.80376pt x 458.71375pt>
File: Harmonics/SphereModes/sphere9.png Graphic file (type png)

<use Harmonics/SphereModes/sphere9.png>
Package pdftex.def Info: Harmonics/SphereModes/sphere9.png used on input line 3
42.
(pdftex.def)             Requested size: 85.35913pt x 81.09503pt.

Overfull \vbox (6.69676pt too high) detected at line 342
 []

[20

 <./Harmonics/SphereModes/sphere1.png> <./Harmonics/SphereModes/sphere2.png> <.
/Harmonics/SphereModes/sphere5.png> <./Harmonics/SphereModes/sphere9.png>]
File: Harmonics/SphereModes/sphere1.png Graphic file (type png)

<use Harmonics/SphereModes/sphere1.png>
Package pdftex.def Info: Harmonics/SphereModes/sphere1.png used on input line 3
42.
(pdftex.def)             Requested size: 85.35913pt x 84.94151pt.
File: Harmonics/SphereModes/sphere2.png Graphic file (type png)

<use Harmonics/SphereModes/sphere2.png>
Package pdftex.def Info: Harmonics/SphereModes/sphere2.png used on input line 3
42.
(pdftex.def)             Requested size: 85.35913pt x 84.19229pt.
File: Harmonics/SphereModes/sphere5.png Graphic file (type png)

<use Harmonics/SphereModes/sphere5.png>
Package pdftex.def Info: Harmonics/SphereModes/sphere5.png used on input line 3
42.
(pdftex.def)             Requested size: 85.35913pt x 70.27968pt.
File: Harmonics/SphereModes/sphere9.png Graphic file (type png)

<use Harmonics/SphereModes/sphere9.png>
Package pdftex.def Info: Harmonics/SphereModes/sphere9.png used on input line 3
42.
(pdftex.def)             Requested size: 85.35913pt x 81.09503pt.

Overfull \vbox (6.69676pt too high) detected at line 342
 []

[21

] <Harmonics/HomerModes/0.png, id=721, 199.4652pt x 344.0052pt>
File: Harmonics/HomerModes/0.png Graphic file (type png)

<use Harmonics/HomerModes/0.png>
Package pdftex.def Info: Harmonics/HomerModes/0.png used on input line 368.
(pdftex.def)             Requested size: 85.35826pt x 147.21071pt.

<Harmonics/HomerModes/1.png, id=722, 199.4652pt x 344.0052pt>
File: Harmonics/HomerModes/1.png Graphic file (type png)

<use Harmonics/HomerModes/1.png>
Package pdftex.def Info: Harmonics/HomerModes/1.png used on input line 368.
(pdftex.def)             Requested size: 85.35826pt x 147.21071pt.

<Harmonics/HomerModes/2.png, id=723, 199.4652pt x 344.0052pt>
File: Harmonics/HomerModes/2.png Graphic file (type png)

<use Harmonics/HomerModes/2.png>
Package pdftex.def Info: Harmonics/HomerModes/2.png used on input line 368.
(pdftex.def)             Requested size: 85.35826pt x 147.21071pt.
 [22

 <./Harmonics/HomerModes/0.png> <./Harmonics/HomerModes/1.png> <./Harmonics/Hom
erModes/2.png>]
<Harmonics/HomerModes/3.png, id=750, 199.4652pt x 344.0052pt>
File: Harmonics/HomerModes/3.png Graphic file (type png)

<use Harmonics/HomerModes/3.png>
Package pdftex.def Info: Harmonics/HomerModes/3.png used on input line 396.
(pdftex.def)             Requested size: 85.35826pt x 147.21071pt.

<Harmonics/HomerModes/4.png, id=751, 199.4652pt x 344.0052pt>
File: Harmonics/HomerModes/4.png Graphic file (type png)

<use Harmonics/HomerModes/4.png>
Package pdftex.def Info: Harmonics/HomerModes/4.png used on input line 396.
(pdftex.def)             Requested size: 85.35826pt x 147.21071pt.

<Harmonics/HomerModes/5.png, id=752, 199.4652pt x 344.0052pt>
File: Harmonics/HomerModes/5.png Graphic file (type png)

<use Harmonics/HomerModes/5.png>
Package pdftex.def Info: Harmonics/HomerModes/5.png used on input line 396.
(pdftex.def)             Requested size: 85.35826pt x 147.21071pt.
 [23

 <./Harmonics/HomerModes/3.png> <./Harmonics/HomerModes/4.png> <./Harmonics/Hom
erModes/5.png>]
<Harmonics/HomerModes/6.png, id=779, 199.4652pt x 344.0052pt>
File: Harmonics/HomerModes/6.png Graphic file (type png)

<use Harmonics/HomerModes/6.png>
Package pdftex.def Info: Harmonics/HomerModes/6.png used on input line 426.
(pdftex.def)             Requested size: 85.35826pt x 147.21071pt.

<Harmonics/HomerModes/7.png, id=780, 199.4652pt x 344.0052pt>
File: Harmonics/HomerModes/7.png Graphic file (type png)

<use Harmonics/HomerModes/7.png>
Package pdftex.def Info: Harmonics/HomerModes/7.png used on input line 426.
(pdftex.def)             Requested size: 85.35826pt x 147.21071pt.

<Harmonics/HomerModes/8.png, id=781, 199.4652pt x 344.0052pt>
File: Harmonics/HomerModes/8.png Graphic file (type png)

<use Harmonics/HomerModes/8.png>
Package pdftex.def Info: Harmonics/HomerModes/8.png used on input line 426.
(pdftex.def)             Requested size: 85.35826pt x 147.21071pt.
 [24

 <./Harmonics/HomerModes/6.png> <./Harmonics/HomerModes/7.png> <./Harmonics/Hom
erModes/8.png>]
<Harmonics/HomerModes/9.png, id=808, 199.4652pt x 344.0052pt>
File: Harmonics/HomerModes/9.png Graphic file (type png)

<use Harmonics/HomerModes/9.png>
Package pdftex.def Info: Harmonics/HomerModes/9.png used on input line 454.
(pdftex.def)             Requested size: 85.35826pt x 147.21071pt.

<Harmonics/HomerModes/10.png, id=809, 199.4652pt x 344.0052pt>
File: Harmonics/HomerModes/10.png Graphic file (type png)

<use Harmonics/HomerModes/10.png>
Package pdftex.def Info: Harmonics/HomerModes/10.png used on input line 454.
(pdftex.def)             Requested size: 85.35826pt x 147.21071pt.

<Harmonics/HomerModes/11.png, id=810, 199.4652pt x 344.0052pt>
File: Harmonics/HomerModes/11.png Graphic file (type png)

<use Harmonics/HomerModes/11.png>
Package pdftex.def Info: Harmonics/HomerModes/11.png used on input line 454.
(pdftex.def)             Requested size: 85.35826pt x 147.21071pt.
 [25

 <./Harmonics/HomerModes/9.png> <./Harmonics/HomerModes/10.png> <./Harmonics/Ho
merModes/11.png>]
<Harmonics/HomerModes/12.png, id=839, 199.4652pt x 344.0052pt>
File: Harmonics/HomerModes/12.png Graphic file (type png)

<use Harmonics/HomerModes/12.png>
Package pdftex.def Info: Harmonics/HomerModes/12.png used on input line 482.
(pdftex.def)             Requested size: 85.35826pt x 147.21071pt.

<Harmonics/HomerModes/13.png, id=840, 199.4652pt x 344.0052pt>
File: Harmonics/HomerModes/13.png Graphic file (type png)

<use Harmonics/HomerModes/13.png>
Package pdftex.def Info: Harmonics/HomerModes/13.png used on input line 482.
(pdftex.def)             Requested size: 85.35826pt x 147.21071pt.

<Harmonics/HomerModes/14.png, id=841, 199.4652pt x 344.0052pt>
File: Harmonics/HomerModes/14.png Graphic file (type png)

<use Harmonics/HomerModes/14.png>
Package pdftex.def Info: Harmonics/HomerModes/14.png used on input line 482.
(pdftex.def)             Requested size: 85.35826pt x 147.21071pt.
 [26

 <./Harmonics/HomerModes/12.png> <./Harmonics/HomerModes/13.png> <./Harmonics/H
omerModes/14.png>]
<Harmonics/HomerModes/15.png, id=868, 199.4652pt x 344.0052pt>
File: Harmonics/HomerModes/15.png Graphic file (type png)

<use Harmonics/HomerModes/15.png>
Package pdftex.def Info: Harmonics/HomerModes/15.png used on input line 509.
(pdftex.def)             Requested size: 85.35826pt x 147.21071pt.

<Harmonics/HomerModes/16.png, id=869, 199.4652pt x 344.0052pt>
File: Harmonics/HomerModes/16.png Graphic file (type png)

<use Harmonics/HomerModes/16.png>
Package pdftex.def Info: Harmonics/HomerModes/16.png used on input line 509.
(pdftex.def)             Requested size: 85.35826pt x 147.21071pt.

<Harmonics/HomerModes/17.png, id=870, 199.4652pt x 344.0052pt>
File: Harmonics/HomerModes/17.png Graphic file (type png)

<use Harmonics/HomerModes/17.png>
Package pdftex.def Info: Harmonics/HomerModes/17.png used on input line 509.
(pdftex.def)             Requested size: 85.35826pt x 147.21071pt.
 [27

 <./Harmonics/HomerModes/15.png> <./Harmonics/HomerModes/16.png> <./Harmonics/H
omerModes/17.png>]
<Harmonics/HomerModes/18.png, id=897, 199.4652pt x 344.0052pt>
File: Harmonics/HomerModes/18.png Graphic file (type png)

<use Harmonics/HomerModes/18.png>
Package pdftex.def Info: Harmonics/HomerModes/18.png used on input line 536.
(pdftex.def)             Requested size: 85.35826pt x 147.21071pt.

<Harmonics/HomerModes/19.png, id=898, 199.4652pt x 344.0052pt>
File: Harmonics/HomerModes/19.png Graphic file (type png)

<use Harmonics/HomerModes/19.png>
Package pdftex.def Info: Harmonics/HomerModes/19.png used on input line 536.
(pdftex.def)             Requested size: 85.35826pt x 147.21071pt.

<Harmonics/HomerModes/20.png, id=899, 199.4652pt x 344.0052pt>
File: Harmonics/HomerModes/20.png Graphic file (type png)

<use Harmonics/HomerModes/20.png>
Package pdftex.def Info: Harmonics/HomerModes/20.png used on input line 536.
(pdftex.def)             Requested size: 85.35826pt x 147.21071pt.
 [28

 <./Harmonics/HomerModes/18.png> <./Harmonics/HomerModes/19.png> <./Harmonics/H
omerModes/20.png>]
<homer200.png, id=926, 637.38126pt x 808.01875pt>
File: homer200.png Graphic file (type png)
 <use homer200.png>
Package pdftex.def Info: homer200.png used on input line 545.
(pdftex.def)             Requested size: 153.64493pt x 194.77919pt.

Overfull \vbox (14.266pt too high) detected at line 545
 []

[29

 <./homer200.png>]
<Harmonics/CheetahModes/0.png, id=954, 348.3414pt x 157.5486pt>
File: Harmonics/CheetahModes/0.png Graphic file (type png)

<use Harmonics/CheetahModes/0.png>
Package pdftex.def Info: Harmonics/CheetahModes/0.png used on input line 576.
(pdftex.def)             Requested size: 142.26378pt x 64.34532pt.

<Harmonics/CheetahModes/2.png, id=955, 348.3414pt x 157.5486pt>
File: Harmonics/CheetahModes/2.png Graphic file (type png)

<use Harmonics/CheetahModes/2.png>
Package pdftex.def Info: Harmonics/CheetahModes/2.png used on input line 576.
(pdftex.def)             Requested size: 142.26378pt x 64.34532pt.

<Harmonics/CheetahModes/1.png, id=956, 348.3414pt x 157.5486pt>
File: Harmonics/CheetahModes/1.png Graphic file (type png)

<use Harmonics/CheetahModes/1.png>
Package pdftex.def Info: Harmonics/CheetahModes/1.png used on input line 576.
(pdftex.def)             Requested size: 142.26378pt x 64.34532pt.

<Harmonics/CheetahModes/3.png, id=957, 348.3414pt x 157.5486pt>
File: Harmonics/CheetahModes/3.png Graphic file (type png)

<use Harmonics/CheetahModes/3.png>
Package pdftex.def Info: Harmonics/CheetahModes/3.png used on input line 576.
(pdftex.def)             Requested size: 142.26378pt x 64.34532pt.
 [30

 <./Harmonics/CheetahModes/0.png> <./Harmonics/CheetahModes/2.png> <./Harmonics
/CheetahModes/1.png> <./Harmonics/CheetahModes/3.png>] <Harmonics/CheetahModes/
4.png, id=984, 348.3414pt x 157.5486pt>
File: Harmonics/CheetahModes/4.png Graphic file (type png)

<use Harmonics/CheetahModes/4.png>
Package pdftex.def Info: Harmonics/CheetahModes/4.png used on input line 608.
(pdftex.def)             Requested size: 142.26378pt x 64.34532pt.

<Harmonics/CheetahModes/6.png, id=985, 348.3414pt x 157.5486pt>
File: Harmonics/CheetahModes/6.png Graphic file (type png)

<use Harmonics/CheetahModes/6.png>
Package pdftex.def Info: Harmonics/CheetahModes/6.png used on input line 608.
(pdftex.def)             Requested size: 142.26378pt x 64.34532pt.

<Harmonics/CheetahModes/5.png, id=986, 348.3414pt x 157.5486pt>
File: Harmonics/CheetahModes/5.png Graphic file (type png)

<use Harmonics/CheetahModes/5.png>
Package pdftex.def Info: Harmonics/CheetahModes/5.png used on input line 608.
(pdftex.def)             Requested size: 142.26378pt x 64.34532pt.

<Harmonics/CheetahModes/7.png, id=987, 348.3414pt x 157.5486pt>
File: Harmonics/CheetahModes/7.png Graphic file (type png)

<use Harmonics/CheetahModes/7.png>
Package pdftex.def Info: Harmonics/CheetahModes/7.png used on input line 608.
(pdftex.def)             Requested size: 142.26378pt x 64.34532pt.
 [31

 <./Harmonics/CheetahModes/4.png> <./Harmonics/CheetahModes/6.png> <./Harmonics
/CheetahModes/5.png> <./Harmonics/CheetahModes/7.png>] <Harmonics/CheetahModes/
8.png, id=1015, 348.3414pt x 157.5486pt>
File: Harmonics/CheetahModes/8.png Graphic file (type png)

<use Harmonics/CheetahModes/8.png>
Package pdftex.def Info: Harmonics/CheetahModes/8.png used on input line 640.
(pdftex.def)             Requested size: 142.26378pt x 64.34532pt.

<Harmonics/CheetahModes/10.png, id=1016, 348.3414pt x 157.5486pt>
File: Harmonics/CheetahModes/10.png Graphic file (type png)

<use Harmonics/CheetahModes/10.png>
Package pdftex.def Info: Harmonics/CheetahModes/10.png used on input line 640.
(pdftex.def)             Requested size: 142.26378pt x 64.34532pt.

<Harmonics/CheetahModes/9.png, id=1017, 348.3414pt x 157.5486pt>
File: Harmonics/CheetahModes/9.png Graphic file (type png)

<use Harmonics/CheetahModes/9.png>
Package pdftex.def Info: Harmonics/CheetahModes/9.png used on input line 640.
(pdftex.def)             Requested size: 142.26378pt x 64.34532pt.

<Harmonics/CheetahModes/11.png, id=1018, 348.3414pt x 157.5486pt>
File: Harmonics/CheetahModes/11.png Graphic file (type png)

<use Harmonics/CheetahModes/11.png>
Package pdftex.def Info: Harmonics/CheetahModes/11.png used on input line 640.
(pdftex.def)             Requested size: 142.26378pt x 64.34532pt.
 [32

 <./Harmonics/CheetahModes/8.png> <./Harmonics/CheetahModes/10.png> <./Harmonic
s/CheetahModes/9.png> <./Harmonics/CheetahModes/11.png>]
<Harmonics/CheetahModes/12.png, id=1045, 348.3414pt x 157.5486pt>
File: Harmonics/CheetahModes/12.png Graphic file (type png)

<use Harmonics/CheetahModes/12.png>
Package pdftex.def Info: Harmonics/CheetahModes/12.png used on input line 672.
(pdftex.def)             Requested size: 142.26378pt x 64.34532pt.

<Harmonics/CheetahModes/14.png, id=1046, 348.3414pt x 157.5486pt>
File: Harmonics/CheetahModes/14.png Graphic file (type png)

<use Harmonics/CheetahModes/14.png>
Package pdftex.def Info: Harmonics/CheetahModes/14.png used on input line 672.
(pdftex.def)             Requested size: 142.26378pt x 64.34532pt.

<Harmonics/CheetahModes/13.png, id=1047, 348.3414pt x 157.5486pt>
File: Harmonics/CheetahModes/13.png Graphic file (type png)

<use Harmonics/CheetahModes/13.png>
Package pdftex.def Info: Harmonics/CheetahModes/13.png used on input line 672.
(pdftex.def)             Requested size: 142.26378pt x 64.34532pt.

<Harmonics/CheetahModes/15.png, id=1048, 348.3414pt x 157.5486pt>
File: Harmonics/CheetahModes/15.png Graphic file (type png)

<use Harmonics/CheetahModes/15.png>
Package pdftex.def Info: Harmonics/CheetahModes/15.png used on input line 672.
(pdftex.def)             Requested size: 142.26378pt x 64.34532pt.
 [33

 <./Harmonics/CheetahModes/12.png> <./Harmonics/CheetahModes/14.png> <./Harmoni
cs/CheetahModes/13.png> <./Harmonics/CheetahModes/15.png>]
<Harmonics/CheetahModes/16.png, id=1076, 348.3414pt x 157.5486pt>
File: Harmonics/CheetahModes/16.png Graphic file (type png)

<use Harmonics/CheetahModes/16.png>
Package pdftex.def Info: Harmonics/CheetahModes/16.png used on input line 704.
(pdftex.def)             Requested size: 142.26378pt x 64.34532pt.

<Harmonics/CheetahModes/18.png, id=1077, 348.3414pt x 157.5486pt>
File: Harmonics/CheetahModes/18.png Graphic file (type png)

<use Harmonics/CheetahModes/18.png>
Package pdftex.def Info: Harmonics/CheetahModes/18.png used on input line 704.
(pdftex.def)             Requested size: 142.26378pt x 64.34532pt.

<Harmonics/CheetahModes/17.png, id=1078, 348.3414pt x 157.5486pt>
File: Harmonics/CheetahModes/17.png Graphic file (type png)

<use Harmonics/CheetahModes/17.png>
Package pdftex.def Info: Harmonics/CheetahModes/17.png used on input line 704.
(pdftex.def)             Requested size: 142.26378pt x 64.34532pt.

<Harmonics/CheetahModes/19.png, id=1079, 348.3414pt x 157.5486pt>
File: Harmonics/CheetahModes/19.png Graphic file (type png)

<use Harmonics/CheetahModes/19.png>
Package pdftex.def Info: Harmonics/CheetahModes/19.png used on input line 704.
(pdftex.def)             Requested size: 142.26378pt x 64.34532pt.
 [34

 <./Harmonics/CheetahModes/16.png> <./Harmonics/CheetahModes/18.png> <./Harmoni
cs/CheetahModes/17.png> <./Harmonics/CheetahModes/19.png>] <Cheetah399.png, id=
1106, 798.985pt x 489.83pt>
File: Cheetah399.png Graphic file (type png)

<use Cheetah399.png>
Package pdftex.def Info: Cheetah399.png used on input line 714.
(pdftex.def)             Requested size: 307.28987pt x 188.38705pt.

Overfull \vbox (7.87387pt too high) detected at line 714
 []

[35

 <./Cheetah399.png>]
<Sorkine05_GraphLaplacian.png, id=1133, 1644.1425pt x 813.0375pt>
File: Sorkine05_GraphLaplacian.png Graphic file (type png)

<use Sorkine05_GraphLaplacian.png>
Package pdftex.def Info: Sorkine05_GraphLaplacian.png used on input line 728.
(pdftex.def)             Requested size: 245.83282pt x 121.56578pt.
LaTeX Font Info:    Font shape `OT1/phv/m/it' in size <10> not available
(Font)              Font shape `OT1/phv/m/sl' tried instead on input line 728.
LaTeX Font Info:    Font shape `OT1/phv/m/it' in size <7> not available
(Font)              Font shape `OT1/phv/m/sl' tried instead on input line 728.
 [36

 <./Sorkine05_GraphLaplacian.png>]
File: Sorkine05_GraphLaplacian.png Graphic file (type png)

<use Sorkine05_GraphLaplacian.png>
Package pdftex.def Info: Sorkine05_GraphLaplacian.png used on input line 728.
(pdftex.def)             Requested size: 245.83282pt x 121.56578pt.
 [37

] [38

]
<Sawtooth.png, id=1215, 487.0998pt x 507.3354pt>
File: Sawtooth.png Graphic file (type png)
 <use Sawtooth.png>
Package pdftex.def Info: Sawtooth.png used on input line 766.
(pdftex.def)             Requested size: 142.26378pt x 148.16856pt.

<Gaussian.png, id=1216, 500.1084pt x 507.3354pt>
File: Gaussian.png Graphic file (type png)
 <use Gaussian.png>
Package pdftex.def Info: Gaussian.png used on input line 766.
(pdftex.def)             Requested size: 142.26378pt x 144.32114pt.
 [39

 <./Sawtooth.png> <./Gaussian.png>]
Overfull \hbox (6.9842pt too wide) detected at line 778
[] \OT1/cmss/m/n/10 = [] [] []
 []

[40

]
<Harmonics/HomerProjections/Homer10.png, id=1272, 459.7175pt x 795.97375pt>
File: Harmonics/HomerProjections/Homer10.png Graphic file (type png)

<use Harmonics/HomerProjections/Homer10.png>
Package pdftex.def Info: Harmonics/HomerProjections/Homer10.png used on input l
ine 787.
(pdftex.def)             Requested size: 107.55333pt x 186.2158pt.
 [41

 <./Harmonics/HomerProjections/Homer10.png>]
<Harmonics/HomerProjections/Homer20.png, id=1300, 524.96124pt x 758.835pt>
File: Harmonics/HomerProjections/Homer20.png Graphic file (type png)

<use Harmonics/HomerProjections/Homer20.png>
Package pdftex.def Info: Harmonics/HomerProjections/Homer20.png used on input l
ine 796.
(pdftex.def)             Requested size: 107.55333pt x 155.46954pt.
 [42

 <./Harmonics/HomerProjections/Homer20.png>]
<Harmonics/HomerProjections/Homer50.png, id=1327, 508.90125pt x 745.78625pt>
File: Harmonics/HomerProjections/Homer50.png Graphic file (type png)

<use Harmonics/HomerProjections/Homer50.png>
Package pdftex.def Info: Harmonics/HomerProjections/Homer50.png used on input l
ine 805.
(pdftex.def)             Requested size: 107.55333pt x 157.60977pt.
 [43

 <./Harmonics/HomerProjections/Homer50.png>]
<Harmonics/HomerProjections/Homer100.png, id=1355, 505.89pt x 765.86125pt>
File: Harmonics/HomerProjections/Homer100.png Graphic file (type png)

<use Harmonics/HomerProjections/Homer100.png>
Package pdftex.def Info: Harmonics/HomerProjections/Homer100.png used on input 
line 814.
(pdftex.def)             Requested size: 107.55333pt x 162.82224pt.
 [44

 <./Harmonics/HomerProjections/Homer100.png>]
<Harmonics/HomerProjections/Homer500.png, id=1382, 502.87875pt x 758.835pt>
File: Harmonics/HomerProjections/Homer500.png Graphic file (type png)

<use Harmonics/HomerProjections/Homer500.png>
Package pdftex.def Info: Harmonics/HomerProjections/Homer500.png used on input 
line 826.
(pdftex.def)             Requested size: 107.55333pt x 162.2895pt.
 [45

 <./Harmonics/HomerProjections/Homer500.png>]
<Harmonics/CheetahProjections/CheetahProj20.png, id=1410, 846.16125pt x 470.758
74pt>
File: Harmonics/CheetahProjections/CheetahProj20.png Graphic file (type png)
 <use Harmonics/CheetahProjections/CheetahProj20.png>
Package pdftex.def Info: Harmonics/CheetahProjections/CheetahProj20.png used on
 input line 836.
(pdftex.def)             Requested size: 307.28987pt x 170.95993pt.
 [46

 <./Harmonics/CheetahProjections/CheetahProj20.png>]
<Harmonics/CheetahProjections/CheetahProj100.png, id=1437, 847.165pt x 426.5937
5pt>
File: Harmonics/CheetahProjections/CheetahProj100.png Graphic file (type png)
 <use Harmonics/CheetahProjections/CheetahProj100.png>
Package pdftex.def Info: Harmonics/CheetahProjections/CheetahProj100.png used o
n input line 845.
(pdftex.def)             Requested size: 307.28987pt x 154.73228pt.
 [47

 <./Harmonics/CheetahProjections/CheetahProj100.png>]
<Harmonics/CheetahProjections/CheetahProj200.png, id=1464, 819.06pt x 438.63875
pt>
File: Harmonics/CheetahProjections/CheetahProj200.png Graphic file (type png)
 <use Harmonics/CheetahProjections/CheetahProj200.png>
Package pdftex.def Info: Harmonics/CheetahProjections/CheetahProj200.png used o
n input line 855.
(pdftex.def)             Requested size: 307.28987pt x 164.56943pt.
 [48

 <./Harmonics/CheetahProjections/CheetahProj200.png>]
<Harmonics/CheetahProjections/CheetahProj400.png, id=1491, 1026.83624pt x 588.1
975pt>
File: Harmonics/CheetahProjections/CheetahProj400.png Graphic file (type png)
 <use Harmonics/CheetahProjections/CheetahProj400.png>
Package pdftex.def Info: Harmonics/CheetahProjections/CheetahProj400.png used o
n input line 864.
(pdftex.def)             Requested size: 307.28987pt x 176.02083pt.
 [49

 <./Harmonics/CheetahProjections/CheetahProj400.png>]
<NoisyHomer.png, id=1520, 511.9125pt x 768.8725pt>
File: NoisyHomer.png Graphic file (type png)
 <use NoisyHomer.png>
Package pdftex.def Info: NoisyHomer.png used on input line 884.
(pdftex.def)             Requested size: 113.81145pt x 170.93573pt.

<DenoisedHomer.png, id=1521, 543.02875pt x 778.91pt>
File: DenoisedHomer.png Graphic file (type png)
 <use DenoisedHomer.png>
Package pdftex.def Info: DenoisedHomer.png used on input line 884.
(pdftex.def)             Requested size: 113.81145pt x 163.24313pt.

[50

 <./NoisyHomer.png> <./DenoisedHomer.png>]
<Karni2000.png, id=1548, 1119.18124pt x 549.05125pt>
File: Karni2000.png Graphic file (type png)
 <use Karni2000.png>
Package pdftex.def Info: Karni2000.png used on input line 901.
(pdftex.def)             Requested size: 245.83282pt x 120.59895pt.

[51

 <./Karni2000.png>] <ShapeDNA.pdf, id=1574, 457.71pt x 338.86601pt>
File: ShapeDNA.pdf Graphic file (type pdf)

<use ShapeDNA.pdf>
Package pdftex.def Info: ShapeDNA.pdf used on input line 914.
(pdftex.def)             Requested size: 184.3758pt x 136.50056pt.
 [52

 <./ShapeDNA.pdf>]
\tf@nav=\write6
\openout6 = `slides.nav'.

\tf@toc=\write7
\openout7 = `slides.toc'.

\tf@snm=\write8
\openout8 = `slides.snm'.

 
AED: lastpage setting LastPage
Package atveryend Info: Empty hook `BeforeClearDocument' on input line 916.
Package atveryend Info: Empty hook `AfterLastShipout' on input line 916.
(./slides.aux)
Package atveryend Info: Executing hook `AtVeryEndDocument' on input line 916.
Package atveryend Info: Executing hook `AtEndAfterFileList' on input line 916.
Package rerunfilecheck Info: File `slides.out' has not changed.
(rerunfilecheck)             Checksum: D41D8CD98F00B204E9800998ECF8427E;0.
Package atveryend Info: Empty hook `AtVeryVeryEnd' on input line 916.
 ) 
Here is how much of TeX's memory you used:
 23905 strings out of 493105
 457510 string characters out of 6137072
 524789 words of memory out of 5000000
 26654 multiletter control sequences out of 15000+600000
 34439 words of font info for 73 fonts, out of 8000000 for 9000
 1141 hyphenation exceptions out of 8191
 56i,16n,59p,415b,710s stack positions out of 5000i,500n,10000p,200000b,80000s
{/usr/share/texlive/texmf-dist/fonts/enc/dvips/base/8r.enc}</usr/share/texliv
e/texmf-dist/fonts/type1/public/amsfonts/cm/cmex10.pfb></usr/share/texlive/texm
f-dist/fonts/type1/public/amsfonts/cm/cmmi10.pfb></usr/share/texlive/texmf-dist
/fonts/type1/public/amsfonts/cm/cmss10.pfb></usr/share/texlive/texmf-dist/fonts
/type1/public/amsfonts/cm/cmss8.pfb></usr/share/texlive/texmf-dist/fonts/type1/
public/amsfonts/cm/cmsy10.pfb></usr/share/texlive/texmf-dist/fonts/type1/public
/amsfonts/cm/cmsy7.pfb></usr/share/texlive/texmf-dist/fonts/type1/public/amsfon
ts/cm/cmsy8.pfb></usr/share/texlive/texmf-dist/fonts/type1/public/amsfonts/symb
ols/msam10.pfb></usr/share/texlive/texmf-dist/fonts/type1/urw/courier/ucrr8a.pf
b></usr/share/texlive/texmf-dist/fonts/type1/urw/helvetic/uhvr8a.pfb></usr/shar
e/texlive/texmf-dist/fonts/type1/urw/helvetic/uhvro8a.pfb>
Output written on slides.pdf (52 pages, 8139997 bytes).
PDF statistics:
 1677 PDF objects out of 1728 (max. 8388607)
 1470 compressed objects within 15 object streams
 105 named destinations out of 1000 (max. 500000)
 428 words of extra memory for PDF output out of 10000 (max. 10000000)

